[2024-02-24T07:43:13.126+0000] {taskinstance.py:1956} INFO - Dependencies all met for dep_context=non-requeueable deps ti=<TaskInstance: chinook_to_google_sheet.execute_sql_task scheduled__2023-01-01T00:00:00+00:00 [queued]>
[2024-02-24T07:43:13.163+0000] {taskinstance.py:1956} INFO - Dependencies all met for dep_context=requeueable deps ti=<TaskInstance: chinook_to_google_sheet.execute_sql_task scheduled__2023-01-01T00:00:00+00:00 [queued]>
[2024-02-24T07:43:13.173+0000] {taskinstance.py:2170} INFO - Starting attempt 2 of 2
[2024-02-24T07:43:13.232+0000] {taskinstance.py:2191} INFO - Executing <Task(PostgresOperator): execute_sql_task> on 2023-01-01 00:00:00+00:00
[2024-02-24T07:43:13.309+0000] {standard_task_runner.py:60} INFO - Started process 2752 to run task
[2024-02-24T07:43:13.492+0000] {standard_task_runner.py:87} INFO - Running: ['airflow', 'tasks', 'run', 'chinook_to_google_sheet', 'execute_sql_task', 'scheduled__2023-01-01T00:00:00+00:00', '--job-id', '36', '--raw', '--subdir', 'DAGS_FOLDER/chinook_to_google_sheet.py', '--cfg-path', '/tmp/tmpaoj1ni7g']
[2024-02-24T07:43:13.565+0000] {standard_task_runner.py:88} INFO - Job 36: Subtask execute_sql_task
[2024-02-24T07:43:13.746+0000] {task_command.py:423} INFO - Running <TaskInstance: chinook_to_google_sheet.execute_sql_task scheduled__2023-01-01T00:00:00+00:00 [running]> on host 442819554f8d
[2024-02-24T07:43:13.817+0000] {abstractoperator.py:707} ERROR - Exception rendering Jinja template for task 'execute_sql_task', field 'sql'. Template: '../db/chinook.sql'
Traceback (most recent call last):
  File "/home/airflow/.local/lib/python3.8/site-packages/airflow/models/abstractoperator.py", line 699, in _do_render_template_fields
    rendered_content = self.render_template(
  File "/home/airflow/.local/lib/python3.8/site-packages/airflow/template/templater.py", line 171, in render_template
    template = jinja_env.get_template(value)
  File "/home/airflow/.local/lib/python3.8/site-packages/jinja2/environment.py", line 1010, in get_template
    return self._load_template(name, globals)
  File "/home/airflow/.local/lib/python3.8/site-packages/jinja2/environment.py", line 969, in _load_template
    template = self.loader.load(self, name, self.make_globals(globals))
  File "/home/airflow/.local/lib/python3.8/site-packages/jinja2/loaders.py", line 125, in load
    source, filename, uptodate = self.get_source(environment, name)
  File "/home/airflow/.local/lib/python3.8/site-packages/jinja2/loaders.py", line 194, in get_source
    pieces = split_template_path(template)
  File "/home/airflow/.local/lib/python3.8/site-packages/jinja2/loaders.py", line 35, in split_template_path
    raise TemplateNotFound(template)
jinja2.exceptions.TemplateNotFound: ../db/chinook.sql
[2024-02-24T07:43:13.832+0000] {taskinstance.py:2698} ERROR - Task failed with exception
Traceback (most recent call last):
  File "/home/airflow/.local/lib/python3.8/site-packages/airflow/models/taskinstance.py", line 2334, in _run_raw_task
    self._execute_task_with_callbacks(context, test_mode, session=session)
  File "/home/airflow/.local/lib/python3.8/site-packages/airflow/models/taskinstance.py", line 2465, in _execute_task_with_callbacks
    task_orig = self.render_templates(context=context)
  File "/home/airflow/.local/lib/python3.8/site-packages/airflow/models/taskinstance.py", line 2877, in render_templates
    original_task.render_template_fields(context)
  File "/home/airflow/.local/lib/python3.8/site-packages/airflow/models/baseoperator.py", line 1241, in render_template_fields
    self._do_render_template_fields(self, self.template_fields, context, jinja_env, set())
  File "/home/airflow/.local/lib/python3.8/site-packages/airflow/utils/session.py", line 79, in wrapper
    return func(*args, session=session, **kwargs)
  File "/home/airflow/.local/lib/python3.8/site-packages/airflow/models/abstractoperator.py", line 699, in _do_render_template_fields
    rendered_content = self.render_template(
  File "/home/airflow/.local/lib/python3.8/site-packages/airflow/template/templater.py", line 171, in render_template
    template = jinja_env.get_template(value)
  File "/home/airflow/.local/lib/python3.8/site-packages/jinja2/environment.py", line 1010, in get_template
    return self._load_template(name, globals)
  File "/home/airflow/.local/lib/python3.8/site-packages/jinja2/environment.py", line 969, in _load_template
    template = self.loader.load(self, name, self.make_globals(globals))
  File "/home/airflow/.local/lib/python3.8/site-packages/jinja2/loaders.py", line 125, in load
    source, filename, uptodate = self.get_source(environment, name)
  File "/home/airflow/.local/lib/python3.8/site-packages/jinja2/loaders.py", line 194, in get_source
    pieces = split_template_path(template)
  File "/home/airflow/.local/lib/python3.8/site-packages/jinja2/loaders.py", line 35, in split_template_path
    raise TemplateNotFound(template)
jinja2.exceptions.TemplateNotFound: ../db/chinook.sql
[2024-02-24T07:43:13.843+0000] {taskinstance.py:1138} INFO - Marking task as FAILED. dag_id=chinook_to_google_sheet, task_id=execute_sql_task, execution_date=20230101T000000, start_date=20240224T074313, end_date=20240224T074313
[2024-02-24T07:43:13.857+0000] {standard_task_runner.py:107} ERROR - Failed to execute job 36 for task execute_sql_task (../db/chinook.sql; 2752)
[2024-02-24T07:43:13.870+0000] {local_task_job_runner.py:234} INFO - Task exited with return code 1
[2024-02-24T07:43:13.898+0000] {taskinstance.py:3280} INFO - 0 downstream tasks scheduled from follow-on schedule check
